#
# A fatal error has been detected by the Java Runtime Environment:
#
#  SIGSEGV (0xb) at pc=0xb340c81d, pid=3320, tid=2269674304
#
# JRE version: OpenJDK Runtime Environment (7.0_55-b14) (build 1.7.0_55-b14)
# Java VM: OpenJDK Server VM (24.51-b03 mixed mode linux-x86 )
# Problematic frame:
# v  ~BufferBlob::jni_fast_GetLongField
#
# Failed to write core dump. Core dumps have been disabled. To enable core dumping, try "ulimit -c unlimited" before starting Java again
#
# If you would like to submit a bug report, please include
# instructions on how to reproduce the bug and visit:
#   http://icedtea.classpath.org/bugzilla
# The crash happened outside the Java Virtual Machine in native code.
# See problematic frame for where to report the bug.
#

---------------  T H R E A D  ---------------

Current thread (0x887c9c00):  JavaThread "AWT-XAWT" daemon [_thread_in_native, id=3339, stack(0x87437000,0x87488000)]

siginfo:si_signo=SIGSEGV: si_errno=0, si_code=1 (SEGV_MAPERR), si_addr=0x00000000

Registers:
EAX=0x00000000, EBX=0x88887000, ECX=0x00000030, EDX=0x00000000
ESP=0x87486e18, EBP=0x87486e68, ESI=0x00000042, EDI=0x887c9d28
EIP=0xb340c81d, EFLAGS=0x00210246, CR2=0x00000000

Top of Stack: (sp=0x87486e18)
0x87486e18:   00000000 88853853 887c9d28 00000000
0x87486e28:   00000042 8902c000 8879a510 b7673b08
0x87486e38:   8902c000 887c9d28 8879a51c 887fef18
0x87486e48:   87486e68 88853924 b7113060 00010002
0x87486e58:   8885382f 88642000 88dc35a0 00000000
0x87486e68:   88dc2f08 8856ee18 88dc2f08 00000000
0x87486e78:   00000000 88642000 88642000 88792ab8
0x87486e88:   8856edb9 88642000 88dc34f0 01e00003 

Instructions: (pc=0xb340c81d)
0xb340c7fd:   00 00 00 56 8b 0d 24 df 12 b7 f6 c1 01 0f 85 30
0xb340c80d:   00 00 00 8b c1 83 e0 01 8b 54 04 0c 8b 74 24 10
0xb340c81d:   8b 12 c1 ee 02 8b 04 32 8b 54 32 04 be 24 df 12
0xb340c82d:   b7 33 f2 33 f0 33 f2 33 f0 3b 0e 0f 85 02 00 00 

Register to memory mapping:

EAX=0x00000000 is an unknown value
EBX=0x88887000: <offset 0x52000> in /usr/lib/jvm/java-7-openjdk-i386/jre/lib/i386/xawt/libmawt.so at 0x88835000
ECX=0x00000030 is an unknown value
EDX=0x00000000 is an unknown value
ESP=0x87486e18 is pointing into the stack for thread: 0x887c9c00
EBP=0x87486e68 is pointing into the stack for thread: 0x887c9c00
ESI=0x00000042 is an unknown value
EDI=0x887c9d28 is an unknown value


Stack: [0x87437000,0x87488000],  sp=0x87486e18,  free space=319k
Native frames: (J=compiled Java code, j=interpreted, Vv=VM code, C=native code)
v  ~BufferBlob::jni_fast_GetLongField

Java frames: (J=compiled Java code, j=interpreted, Vv=VM code)
j  sun.awt.X11.XlibWrapper.XFilterEvent(JJ)Z+0
j  sun.awt.X11.XToolkit.run(Z)V+300
j  sun.awt.X11.XToolkit.run()V+5
j  java.lang.Thread.run()V+11
v  ~StubRoutines::call_stub

---------------  P R O C E S S  ---------------

Java Threads: ( => current thread )
  0x872f6400 JavaThread "TimerQueue" daemon [_thread_blocked, id=3348, stack(0x86faf000,0x87000000)]
=>0x887c9c00 JavaThread "AWT-XAWT" daemon [_thread_in_native, id=3339, stack(0x87437000,0x87488000)]
  0x887bb800 JavaThread "Java2D Disposer" daemon [_thread_blocked, id=3338, stack(0x87488000,0x874d9000)]
  0x88f9b800 JavaThread "Service Thread" daemon [_thread_blocked, id=3336, stack(0x8890b000,0x8895c000)]
  0x88f99c00 JavaThread "C2 CompilerThread1" daemon [_thread_blocked, id=3335, stack(0x8895c000,0x889dd000)]
  0x88f97800 JavaThread "C2 CompilerThread0" daemon [_thread_blocked, id=3334, stack(0x889dd000,0x88a5e000)]
  0x88f96000 JavaThread "Signal Dispatcher" daemon [_thread_blocked, id=3333, stack(0x88a5e000,0x88aaf000)]
  0x88f84800 JavaThread "Finalizer" daemon [_thread_blocked, id=3332, stack(0x88caf000,0x88d00000)]
  0x88f83000 JavaThread "Reference Handler" daemon [_thread_blocked, id=3331, stack(0x8aa2e000,0x8aa7f000)]
  0xb6407c00 JavaThread "main" [_thread_in_native, id=3325, stack(0xb6552000,0xb65a3000)]

Other Threads:
  0x88f80400 VMThread [stack: 0x89050000,0x890d1000] [id=3330]
  0x88f9d800 WatcherThread [stack: 0x8888a000,0x8890b000] [id=3337]

VM state:not at safepoint (normal execution)

VM Mutex/Monitor currently owned by a thread: None

Heap
 PSYoungGen      total 8960K, used 7545K [0xa8840000, 0xa9240000, 0xb3300000)
  eden space 7680K, 81% used [0xa8840000,0xa8e60308,0xa8fc0000)
  from space 1280K, 99% used [0xa8fc0000,0xa90fe458,0xa9100000)
  to   space 1280K, 0% used [0xa9100000,0xa9100000,0xa9240000)
 ParOldGen       total 20224K, used 480K [0x93300000, 0x946c0000, 0xa8840000)
  object space 20224K, 2% used [0x93300000,0x93378270,0x946c0000)
 PSPermGen       total 16384K, used 10777K [0x8b300000, 0x8c300000, 0x93300000)
  object space 16384K, 65% used [0x8b300000,0x8bd86570,0x8c300000)

Card table byte_map: [0x8b1bf000,0x8b300000] byte_map_base: 0x8ad65800

Polling page: 0xb7730000

Code Cache  [0xb33c5000, 0xb3605000, 0xb63c5000)
 total_blobs=332 nmethods=94 adapters=191 free_code_cache=48676Kb largest_free_block=49813440

Compilation events (10 events):
Event: 42.314 Thread 0x88f97800   92             sun.net.www.ParseUtil::encodePath (336 bytes)
Event: 42.339 Thread 0x88f97800 nmethod 92 0xb3441c48 code [0xb3441e40, 0xb3442ddc]
Event: 472.274 Thread 0x88f99c00   93             sun.awt.X11.XToolkit::getDisplay (4 bytes)
Event: 472.275 Thread 0x88f99c00 nmethod 93 0xb341c408 code [0xb341c4e0, 0xb341c530]
Event: 808.228 Thread 0x88f97800   94             java.util.TreeMap::getEntry (84 bytes)
Event: 808.232 Thread 0x88f97800 nmethod 94 0xb341c088 code [0xb341c180, 0xb341c2b0]
Event: 2993.281 Thread 0x88f99c00   96   !         sun.awt.X11.XToolkit::callTimeoutTasks (220 bytes)
Event: 2993.289 Thread 0x88f99c00 nmethod 96 0xb3419c08 code [0xb3419d40, 0xb3419f44]
Event: 3674.712 Thread 0x88f97800   97   !         sun.awt.X11.XToolkit::getNextTaskTime (55 bytes)
Event: 3674.725 Thread 0x88f97800 nmethod 97 0xb34397c8 code [0xb3439900, 0xb3439bb8]

GC Heap History (2 events):
Event: 23.290 GC heap before
{Heap before GC invocations=1 (full 0):
 PSYoungGen      total 8960K, used 7680K [0xa8840000, 0xa9240000, 0xb3300000)
  eden space 7680K, 100% used [0xa8840000,0xa8fc0000,0xa8fc0000)
  from space 1280K, 0% used [0xa9100000,0xa9100000,0xa9240000)
  to   space 1280K, 0% used [0xa8fc0000,0xa8fc0000,0xa9100000)
 ParOldGen       total 20224K, used 0K [0x93300000, 0x946c0000, 0xa8840000)
  object space 20224K, 0% used [0x93300000,0x93300000,0x946c0000)
 PSPermGen       total 16384K, used 9581K [0x8b300000, 0x8c300000, 0x93300000)
  object space 16384K, 58% used [0x8b300000,0x8bc5b620,0x8c300000)
Event: 23.297 GC heap after
Heap after GC invocations=1 (full 0):
 PSYoungGen      total 8960K, used 1273K [0xa8840000, 0xa9240000, 0xb3300000)
  eden space 7680K, 0% used [0xa8840000,0xa8840000,0xa8fc0000)
  from space 1280K, 99% used [0xa8fc0000,0xa90fe458,0xa9100000)
  to   space 1280K, 0% used [0xa9100000,0xa9100000,0xa9240000)
 ParOldGen       total 20224K, used 480K [0x93300000, 0x946c0000, 0xa8840000)
  object space 20224K, 2% used [0x93300000,0x93378270,0x946c0000)
 PSPermGen       total 16384K, used 9581K [0x8b300000, 0x8c300000, 0x93300000)
  object space 16384K, 58% used [0x8b300000,0x8bc5b620,0x8c300000)
}

Deoptimization events (10 events):
Event: 1.026 Thread 0xb6407c00 Uncommon trap: reason=class_check action=maybe_recompile pc=0xb341bdc0 method=java.util.Properties$LineReader.readLine()I @ 62
Event: 1.039 Thread 0xb6407c00 Uncommon trap: reason=class_check action=maybe_recompile pc=0xb341bdc0 method=java.util.Properties$LineReader.readLine()I @ 62
Event: 1.042 Thread 0xb6407c00 Uncommon trap: reason=class_check action=maybe_recompile pc=0xb341bdc0 method=java.util.Properties$LineReader.readLine()I @ 62
Event: 1.044 Thread 0xb6407c00 Uncommon trap: reason=class_check action=maybe_recompile pc=0xb341bdc0 method=java.util.Properties$LineReader.readLine()I @ 62
Event: 1.278 Thread 0xb6407c00 Uncommon trap: reason=unreached action=reinterpret pc=0xb3421898 method=java.lang.AbstractStringBuilder.append(Ljava/lang/String;)Ljava/lang/AbstractStringBuilder; @ 1
Event: 1.278 Thread 0xb6407c00 Uncommon trap: reason=unreached action=reinterpret pc=0xb3419f58 method=java.lang.AbstractStringBuilder.append(Ljava/lang/String;)Ljava/lang/AbstractStringBuilder; @ 1
Event: 1.372 Thread 0xb6407c00 Uncommon trap: reason=class_check action=maybe_recompile pc=0xb3419350 method=java.lang.String.equals(Ljava/lang/Object;)Z @ 8
Event: 1.440 Thread 0xb6407c00 Uncommon trap: reason=class_check action=maybe_recompile pc=0xb3419350 method=java.lang.String.equals(Ljava/lang/Object;)Z @ 8
Event: 1.440 Thread 0xb6407c00 Uncommon trap: reason=class_check action=maybe_recompile pc=0xb3419350 method=java.lang.String.equals(Ljava/lang/Object;)Z @ 8
Event: 1.440 Thread 0xb6407c00 Uncommon trap: reason=class_check action=maybe_recompile pc=0xb3419350 method=java.lang.String.equals(Ljava/lang/Object;)Z @ 8

Internal exceptions (10 events):
Event: 42.568 Thread 0xb6407c00 Threw 0xa8da3950 at /build/buildd/openjdk-7-7u55-2.4.7/build/openjdk/hotspot/src/share/vm/prims/jvm.cpp:1244
Event: 42.569 Thread 0xb6407c00 Threw 0xa8da6b58 at /build/buildd/openjdk-7-7u55-2.4.7/build/openjdk/hotspot/src/share/vm/prims/jvm.cpp:1244
Event: 42.569 Thread 0xb6407c00 Threw 0xa8daa470 at /build/buildd/openjdk-7-7u55-2.4.7/build/openjdk/hotspot/src/share/vm/prims/jvm.cpp:1244
Event: 42.570 Thread 0xb6407c00 Threw 0xa8daf588 at /build/buildd/openjdk-7-7u55-2.4.7/build/openjdk/hotspot/src/share/vm/prims/jvm.cpp:1244
Event: 42.572 Thread 0xb6407c00 Threw 0xa8db5c38 at /build/buildd/openjdk-7-7u55-2.4.7/build/openjdk/hotspot/src/share/vm/prims/jvm.cpp:1244
Event: 42.572 Thread 0xb6407c00 Threw 0xa8dba290 at /build/buildd/openjdk-7-7u55-2.4.7/build/openjdk/hotspot/src/share/vm/prims/jvm.cpp:1244
Event: 42.574 Thread 0xb6407c00 Threw 0xa8dbe7f8 at /build/buildd/openjdk-7-7u55-2.4.7/build/openjdk/hotspot/src/share/vm/prims/jvm.cpp:1244
Event: 42.574 Thread 0xb6407c00 Threw 0xa8dc5978 at /build/buildd/openjdk-7-7u55-2.4.7/build/openjdk/hotspot/src/share/vm/prims/jvm.cpp:1244
Event: 42.576 Thread 0xb6407c00 Threw 0xa8de1e80 at /build/buildd/openjdk-7-7u55-2.4.7/build/openjdk/hotspot/src/share/vm/prims/jvm.cpp:1244
Event: 42.576 Thread 0xb6407c00 Threw 0xa8de4850 at /build/buildd/openjdk-7-7u55-2.4.7/build/openjdk/hotspot/src/share/vm/prims/jvm.cpp:1244

Events (10 events):
Event: 42.583 loading class 0x88d25658 done
Event: 43.212 loading class 0x88771040
Event: 43.212 loading class 0x88771040 done
Event: 43.212 loading class 0x87227fd0
Event: 43.212 loading class 0x87227fd0 done
Event: 43.213 Thread 0x887fe400 Thread exited: 0x887fe400
Event: 43.213 Thread 0x887fc800 Thread exited: 0x887fc800
Event: 808.232 Thread 0x88f97800 flushing nmethod 0xb3419088
Event: 808.232 Thread 0x88f97800 flushing nmethod 0xb3419ac8
Event: 3674.725 Thread 0x88f97800 flushing nmethod 0xb341d0c8


Dynamic libraries:
08048000-08049000 r-xp 00000000 08:05 1452351    /usr/lib/jvm/java-7-openjdk-i386/jre/bin/java
08049000-0804a000 r--p 00000000 08:05 1452351    /usr/lib/jvm/java-7-openjdk-i386/jre/bin/java
0804a000-0804b000 rw-p 00001000 08:05 1452351    /usr/lib/jvm/java-7-openjdk-i386/jre/bin/java
0905d000-0907e000 rw-p 00000000 00:00 0          [heap]
86d00000-86d9d000 rw-p 00000000 00:00 0 
86d9d000-86e00000 ---p 00000000 00:00 0 
86e00000-86e88000 rw-p 00000000 00:00 0 
86e88000-86f00000 ---p 00000000 00:00 0 
86f0d000-86f10000 ---p 00000000 00:00 0 
86f10000-86f5e000 rw-p 00000000 00:00 0 
86f5e000-86f61000 ---p 00000000 00:00 0 
86f61000-86faf000 rw-p 00000000 00:00 0 
86faf000-86fb2000 ---p 00000000 00:00 0 
86fb2000-87000000 rw-p 00000000 00:00 0          [stack:3348]
87000000-870f6000 rw-p 00000000 00:00 0 
870f6000-87100000 ---p 00000000 00:00 0 
87106000-8710a000 rw-s 00000000 00:04 5406740    /SYSV00000000 (deleted)
8710a000-8710f000 r--s 0004c000 08:05 1452282    /usr/lib/jvm/java-7-openjdk-i386/jre/lib/jsse.jar
8710f000-87120000 r-xp 00000000 08:05 1452314    /usr/lib/jvm/java-7-openjdk-i386/jre/lib/i386/libnio.so
87120000-87121000 r--p 00010000 08:05 1452314    /usr/lib/jvm/java-7-openjdk-i386/jre/lib/i386/libnio.so
87121000-87122000 rw-p 00011000 08:05 1452314    /usr/lib/jvm/java-7-openjdk-i386/jre/lib/i386/libnio.so
87122000-87123000 r--s 00000000 08:05 1839933    /var/cache/fontconfig/087e1975ba9a574b140bb1df193bf770-le32d4.cache-4
87123000-8712d000 r--s 00000000 08:05 1839931    /var/cache/fontconfig/6aa41aa22e18b8fa06a12da28ea9c28b-le32d4.cache-4
8712d000-8712e000 r--s 00000000 08:05 1839930    /var/cache/fontconfig/c05880de57d1f5e948fdfacc138775d9-le32d4.cache-4
8712e000-87136000 r--s 00000000 08:05 1839929    /var/cache/fontconfig/945677eb7aeaf62f1d50efc3fb3ec7d8-le32d4.cache-4
87136000-8713a000 r--s 00000000 08:05 1839927    /var/cache/fontconfig/2cd17615ca594fa2959ae173292e504c-le32d4.cache-4
8713a000-8713b000 r--s 00000000 08:05 1839926    /var/cache/fontconfig/e7071f4a29fa870f4323321c154eba04-le32d4.cache-4
8713b000-8713c000 r--s 00000000 08:05 1839925    /var/cache/fontconfig/0d8c3b2ac0904cb8a57a757ad11a4a08-le32d4.cache-4
8713c000-87141000 r--s 00000000 08:05 1839924    /var/cache/fontconfig/a755afe4a08bf5b97852ceb7400b47bc-le32d4.cache-4
87141000-87144000 r--s 00000000 08:05 1839923    /var/cache/fontconfig/6d41288fd70b0be22e8c3a91e032eec0-le32d4.cache-4
87144000-87153000 r--s 00000000 08:05 1839922    /var/cache/fontconfig/04aabc0a78ac019cf9454389977116d2-le32d4.cache-4
87153000-87154000 r--s 00000000 08:05 1839921    /var/cache/fontconfig/1ac9eb803944fde146138c791f5cc56a-le32d4.cache-4
87154000-87157000 r--s 00000000 08:05 1839920    /var/cache/fontconfig/385c0604a188198f04d133e54aba7fe7-le32d4.cache-4
87157000-87158000 r--s 00000000 08:05 1839919    /var/cache/fontconfig/9c956a7723ca69a44b382d9179c9802f-le32d4.cache-4
87158000-87159000 r--s 00000000 08:05 1839918    /var/cache/fontconfig/dc05db6664285cc2f12bf69c139ae4c3-le32d4.cache-4
87159000-8715b000 r--s 00000000 08:05 1839866    /var/cache/fontconfig/767a8244fc0220cfb567a839d0392e0b-le32d4.cache-4
8715b000-8715c000 r--s 00000000 08:05 1839917    /var/cache/fontconfig/4794a0821666d79190d59a36cb4f44b5-le32d4.cache-4
8715c000-8715d000 r--s 00000000 08:05 1839916    /var/cache/fontconfig/9eae20f1ff8cc0a7d125749e875856bd-le32d4.cache-4
8715d000-8715f000 r--s 00000000 08:05 1839915    /var/cache/fontconfig/bf2c1853a9e9b00bb02fe2e9bcf1e201-le32d4.cache-4
8715f000-87163000 r--s 00000000 08:05 1839914    /var/cache/fontconfig/8801497958630a81b71ace7c5f9b32a8-le32d4.cache-4
87163000-87166000 r--s 00000000 08:05 1839913    /var/cache/fontconfig/c57959a16110560c8d0fcea73374aeeb-le32d4.cache-4
87166000-8716b000 r--s 00000000 08:05 1839912    /var/cache/fontconfig/3047814df9a2f067bd2d96a2b9c36e5a-le32d4.cache-4
8716b000-8716e000 r--s 00000000 08:05 1839911    /var/cache/fontconfig/bf3b770c553c462765856025a94f1ce6-le32d4.cache-4
8716e000-8716f000 r--s 00000000 08:05 1839910    /var/cache/fontconfig/56cf4f4769d0f4abc89a4895d7bd3ae1-le32d4.cache-4
8716f000-87170000 r--s 00000000 08:05 1839909    /var/cache/fontconfig/b9d506c9ac06c20b433354fa67a72993-le32d4.cache-4
87170000-87174000 r--s 00000000 08:05 1839908    /var/cache/fontconfig/b47c4e1ecd0709278f4910c18777a504-le32d4.cache-4
87174000-87176000 r--s 00000000 08:05 1839907    /var/cache/fontconfig/14d493b97896515cad3840ba4896e372-le32d4.cache-4
87176000-87177000 r--s 00000000 08:05 1839906    /var/cache/fontconfig/89034621ae2a8922916bb6bfa5799546-le32d4.cache-4
87177000-8717a000 r--s 00000000 08:05 1839905    /var/cache/fontconfig/e49e89034d371f0f9de17aab02136486-le32d4.cache-4
8717a000-8717c000 r--s 00000000 08:05 1839904    /var/cache/fontconfig/4b14b093aebc79c320de5e86ae1d3314-le32d4.cache-4
8717c000-8718c000 r--s 00000000 08:05 1839903    /var/cache/fontconfig/d52a8644073d54c13679302ca1180695-le32d4.cache-4
8718c000-8718d000 r--s 00000000 08:05 1839902    /var/cache/fontconfig/8a687c406b77f27d99abfeeba937fcce-le32d4.cache-4
8718d000-87194000 r--s 00000000 08:05 1839901    /var/cache/fontconfig/3f7329c5293ffd510edef78f73874cfd-le32d4.cache-4
87194000-8719d000 r--s 00000000 08:05 1839899    /var/cache/fontconfig/d589a48862398ed80a3d6066f4f56f4c-le32d4.cache-4
8719d000-871a5000 r--s 00000000 08:05 1839894    /var/cache/fontconfig/198d8fcf01c96d0cf813f74fd759bdb7-le32d4.cache-4
871a5000-871ae000 r--s 00000000 08:05 1839889    /var/cache/fontconfig/83bf95040141907cd45bb53cf7c1c148-le32d4.cache-4
871ae000-871fd000 r-xp 00000000 08:05 1452311    /usr/lib/jvm/java-7-openjdk-i386/jre/lib/i386/libfontmanager.so
871fd000-871ff000 r--p 0004e000 08:05 1452311    /usr/lib/jvm/java-7-openjdk-i386/jre/lib/i386/libfontmanager.so
871ff000-87200000 rw-p 00050000 08:05 1452311    /usr/lib/jvm/java-7-openjdk-i386/jre/lib/i386/libfontmanager.so
87200000-872ff000 rw-p 00000000 00:00 0 
872ff000-87300000 ---p 00000000 00:00 0 
87300000-87302000 r--s 00000000 08:05 1839900    /var/cache/fontconfig/65f976e5259cbe6dc7697b8648396239-le32d4.cache-4
87302000-87303000 r--s 00000000 08:05 1839898    /var/cache/fontconfig/94f7fe9bd33aadfac165873bd010d595-le32d4.cache-4
87303000-87304000 r--s 00000000 08:05 1839897    /var/cache/fontconfig/423767150eb258c59035de29db6fca84-le32d4.cache-4
87304000-87305000 r--s 00000000 08:05 1839896    /var/cache/fontconfig/406a1d2d2bf3ed7664fbadefac0b2f66-le32d4.cache-4
87305000-87307000 r--s 00000000 08:05 1839895    /var/cache/fontconfig/67709b7835c0f764c1135060c9575660-le32d4.cache-4
87307000-87309000 r--s 00000000 08:05 1839888    /var/cache/fontconfig/6e6b34ae150a7ad95e82fb4a522f0bda-le32d4.cache-4
87309000-8730f000 r--s 00000000 08:05 1839886    /var/cache/fontconfig/53d14c92082a93e67d5078324eb314ca-le32d4.cache-4
8730f000-8731f000 r--s 00000000 08:05 1839885    /var/cache/fontconfig/4ac51e5cfbc76fc3f983e470323a16d3-le32d4.cache-4
8731f000-87322000 r--s 00000000 08:05 1839883    /var/cache/fontconfig/de83a0a961185c8bd1f159015d56c039-le32d4.cache-4
87322000-8732b000 r--s 00000000 08:05 1839869    /var/cache/fontconfig/e13b20fdb08344e0e664864cc2ede53d-le32d4.cache-4
8732b000-87342000 r-xp 00000000 08:05 1452315    /usr/lib/jvm/java-7-openjdk-i386/jre/lib/i386/libnet.so
87342000-87343000 r--p 00016000 08:05 1452315    /usr/lib/jvm/java-7-openjdk-i386/jre/lib/i386/libnet.so
87343000-87344000 rw-p 00017000 08:05 1452315    /usr/lib/jvm/java-7-openjdk-i386/jre/lib/i386/libnet.so
87344000-87347000 ---p 00000000 00:00 0 
87347000-87395000 rw-p 00000000 00:00 0 
87395000-87398000 ---p 00000000 00:00 0 
87398000-873e6000 rw-p 00000000 00:00 0 
873e6000-873e9000 ---p 00000000 00:00 0 
873e9000-87437000 rw-p 00000000 00:00 0 
87437000-8743a000 ---p 00000000 00:00 0 
8743a000-87488000 rw-p 00000000 00:00 0          [stack:3339]
87488000-8748b000 ---p 00000000 00:00 0 
8748b000-874d9000 rw-p 00000000 00:00 0          [stack:3338]
874d9000-874dc000 r-xp 00000000 08:05 2360317    /lib/i386-linux-gnu/libgpg-error.so.0.10.0
874dc000-874dd000 r--p 00002000 08:05 2360317    /lib/i386-linux-gnu/libgpg-error.so.0.10.0
874dd000-874de000 rw-p 00003000 08:05 2360317    /lib/i386-linux-gnu/libgpg-error.so.0.10.0
874de000-874e0000 r-xp 00000000 08:05 2360327    /lib/i386-linux-gnu/libkeyutils.so.1.4
874e0000-874e1000 r--p 00002000 08:05 2360327    /lib/i386-linux-gnu/libkeyutils.so.1.4
874e1000-874e2000 rw-p 00003000 08:05 2360327    /lib/i386-linux-gnu/libkeyutils.so.1.4
874e2000-874fc000 r-xp 00000000 08:05 1447534    /usr/lib/i386-linux-gnu/libgraphite2.so.3.0.1
874fc000-874fd000 r--p 00019000 08:05 1447534    /usr/lib/i386-linux-gnu/libgraphite2.so.3.0.1
874fd000-874fe000 rw-p 0001a000 08:05 1447534    /usr/lib/i386-linux-gnu/libgraphite2.so.3.0.1
874fe000-87547000 r-xp 00000000 08:05 2360298    /lib/i386-linux-gnu/libdbus-1.so.3.7.6
87547000-87548000 r--p 00048000 08:05 2360298    /lib/i386-linux-gnu/libdbus-1.so.3.7.6
87548000-87549000 rw-p 00049000 08:05 2360298    /lib/i386-linux-gnu/libdbus-1.so.3.7.6
87549000-87580000 r-xp 00000000 08:05 1447832    /usr/lib/i386-linux-gnu/libp11-kit.so.0.0.0
87580000-87581000 ---p 00037000 08:05 1447832    /usr/lib/i386-linux-gnu/libp11-kit.so.0.0.0
87581000-87584000 r--p 00037000 08:05 1447832    /usr/lib/i386-linux-gnu/libp11-kit.so.0.0.0
87584000-87585000 rw-p 0003a000 08:05 1447832    /usr/lib/i386-linux-gnu/libp11-kit.so.0.0.0
87585000-87597000 r-xp 00000000 08:05 1448015    /usr/lib/i386-linux-gnu/libtasn1.so.6.2.0
87597000-87598000 r--p 00011000 08:05 1448015    /usr/lib/i386-linux-gnu/libtasn1.so.6.2.0
87598000-87599000 rw-p 00012000 08:05 1448015    /usr/lib/i386-linux-gnu/libtasn1.so.6.2.0
87599000-8761b000 r-xp 00000000 08:05 2360313    /lib/i386-linux-gnu/libgcrypt.so.11.8.2
8761b000-8761c000 r--p 00081000 08:05 2360313    /lib/i386-linux-gnu/libgcrypt.so.11.8.2
8761c000-8761e000 rw-p 00082000 08:05 2360313    /lib/i386-linux-gnu/libgcrypt.so.11.8.2
8761e000-8761f000 rw-p 00000000 00:00 0 
8761f000-87629000 r-xp 00000000 08:05 1447715    /usr/lib/i386-linux-gnu/libkrb5support.so.0.1
87629000-8762a000 r--p 00009000 08:05 1447715    /usr/lib/i386-linux-gnu/libkrb5support.so.0.1
8762a000-8762b000 rw-p 0000a000 08:05 1447715    /usr/lib/i386-linux-gnu/libkrb5support.so.0.1
8762b000-8762e000 r-xp 00000000 08:05 2360293    /lib/i386-linux-gnu/libcom_err.so.2.1
8762e000-8762f000 r--p 00002000 08:05 2360293    /lib/i386-linux-gnu/libcom_err.so.2.1
8762f000-87630000 rw-p 00003000 08:05 2360293    /lib/i386-linux-gnu/libcom_err.so.2.1
87630000-8765e000 r-xp 00000000 08:05 1447709    /usr/lib/i386-linux-gnu/libk5crypto.so.3.1
8765e000-8765f000 r--p 0002d000 08:05 1447709    /usr/lib/i386-linux-gnu/libk5crypto.so.3.1
8765f000-87660000 rw-p 0002e000 08:05 1447709    /usr/lib/i386-linux-gnu/libk5crypto.so.3.1
87660000-87717000 r-xp 00000000 08:05 1447713    /usr/lib/i386-linux-gnu/libkrb5.so.3.3
87717000-8771d000 r--p 000b7000 08:05 1447713    /usr/lib/i386-linux-gnu/libkrb5.so.3.3
8771d000-8771e000 rw-p 000bd000 08:05 1447713    /usr/lib/i386-linux-gnu/libkrb5.so.3.3
8771e000-87725000 r-xp 00000000 08:05 1447308    /usr/lib/i386-linux-gnu/libdatrie.so.1.3.1
87725000-87726000 r--p 00006000 08:05 1447308    /usr/lib/i386-linux-gnu/libdatrie.so.1.3.1
87726000-87727000 rw-p 00007000 08:05 1447308    /usr/lib/i386-linux-gnu/libdatrie.so.1.3.1
87727000-8777b000 r-xp 00000000 08:05 1447647    /usr/lib/i386-linux-gnu/libharfbuzz.so.0.927.0
8777b000-8777c000 r--p 00054000 08:05 1447647    /usr/lib/i386-linux-gnu/libharfbuzz.so.0.927.0
8777c000-8777d000 rw-p 00055000 08:05 1447647    /usr/lib/i386-linux-gnu/libharfbuzz.so.0.927.0
8777d000-87785000 r-xp 00000000 08:05 1448155    /usr/lib/i386-linux-gnu/libxcb-render.so.0.0.0
87785000-87786000 r--p 00008000 08:05 1448155    /usr/lib/i386-linux-gnu/libxcb-render.so.0.0.0
87786000-87787000 rw-p 00009000 08:05 1448155    /usr/lib/i386-linux-gnu/libxcb-render.so.0.0.0
87787000-87789000 r-xp 00000000 08:05 1448159    /usr/lib/i386-linux-gnu/libxcb-shm.so.0.0.0
87789000-8778a000 r--p 00001000 08:05 1448159    /usr/lib/i386-linux-gnu/libxcb-shm.so.0.0.0
8778a000-8778b000 rw-p 00002000 08:05 1448159    /usr/lib/i386-linux-gnu/libxcb-shm.so.0.0.0
8778b000-877b1000 r-xp 00000000 08:05 2360399    /lib/i386-linux-gnu/libpng12.so.0.50.0
877b1000-877b2000 r--p 00025000 08:05 2360399    /lib/i386-linux-gnu/libpng12.so.0.50.0
877b2000-877b3000 rw-p 00026000 08:05 2360399    /lib/i386-linux-gnu/libpng12.so.0.50.0
877b3000-87857000 r-xp 00000000 08:05 1447863    /usr/lib/i386-linux-gnu/libpixman-1.so.0.30.2
87857000-8785c000 r--p 000a4000 08:05 1447863    /usr/lib/i386-linux-gnu/libpixman-1.so.0.30.2
8785c000-8785d000 rw-p 000a9000 08:05 1447863    /usr/lib/i386-linux-gnu/libpixman-1.so.0.30.2
8785d000-87862000 r-xp 00000000 08:05 1447116    /usr/lib/i386-linux-gnu/libXdmcp.so.6.0.0
87862000-87863000 r--p 00004000 08:05 1447116    /usr/lib/i386-linux-gnu/libXdmcp.so.6.0.0
87863000-87864000 rw-p 00005000 08:05 1447116    /usr/lib/i386-linux-gnu/libXdmcp.so.6.0.0
87864000-87866000 r-xp 00000000 08:05 1447105    /usr/lib/i386-linux-gnu/libXau.so.6.0.0
87866000-87867000 r--p 00001000 08:05 1447105    /usr/lib/i386-linux-gnu/libXau.so.6.0.0
87867000-87868000 rw-p 00002000 08:05 1447105    /usr/lib/i386-linux-gnu/libXau.so.6.0.0
87868000-87878000 r-xp 00000000 08:05 1447209    /usr/lib/i386-linux-gnu/libavahi-client.so.3.2.9
87878000-87879000 r--p 0000f000 08:05 1447209    /usr/lib/i386-linux-gnu/libavahi-client.so.3.2.9
87879000-8787a000 rw-p 00010000 08:05 1447209    /usr/lib/i386-linux-gnu/libavahi-client.so.3.2.9
8787a000-87886000 r-xp 00000000 08:05 1447211    /usr/lib/i386-linux-gnu/libavahi-common.so.3.5.3
87886000-87887000 r--p 0000b000 08:05 1447211    /usr/lib/i386-linux-gnu/libavahi-common.so.3.5.3
87887000-87888000 rw-p 0000c000 08:05 1447211    /usr/lib/i386-linux-gnu/libavahi-common.so.3.5.3
87888000-87949000 r-xp 00000000 08:05 1442892    /usr/lib/i386-linux-gnu/libgnutls.so.26.22.6
87949000-8794d000 r--p 000c0000 08:05 1442892    /usr/lib/i386-linux-gnu/libgnutls.so.26.22.6
8794d000-8794e000 rw-p 000c4000 08:05 1442892    /usr/lib/i386-linux-gnu/libgnutls.so.26.22.6
8794e000-87991000 r-xp 00000000 08:05 1447543    /usr/lib/i386-linux-gnu/libgssapi_krb5.so.2.2
87991000-87992000 r--p 00042000 08:05 1447543    /usr/lib/i386-linux-gnu/libgssapi_krb5.so.2.2
87992000-87993000 rw-p 00043000 08:05 1447543    /usr/lib/i386-linux-gnu/libgssapi_krb5.so.2.2
87993000-879cf000 r-xp 00000000 08:05 2360387    /lib/i386-linux-gnu/libpcre.so.3.13.1
879cf000-879d0000 r--p 0003b000 08:05 2360387    /lib/i386-linux-gnu/libpcre.so.3.13.1
879d0000-879d1000 rw-p 0003c000 08:05 2360387    /lib/i386-linux-gnu/libpcre.so.3.13.1
879d1000-879d6000 r-xp 00000000 08:05 1447383    /usr/lib/i386-linux-gnu/libffi.so.6.0.1
879d6000-879d7000 r--p 00005000 08:05 1447383    /usr/lib/i386-linux-gnu/libffi.so.6.0.1
879d7000-879d8000 rw-p 00006000 08:05 1447383    /usr/lib/i386-linux-gnu/libffi.so.6.0.1
879d8000-879fd000 r-xp 00000000 08:05 2360306    /lib/i386-linux-gnu/libexpat.so.1.6.0
879fd000-879fe000 ---p 00025000 08:05 2360306    /lib/i386-linux-gnu/libexpat.so.1.6.0
879fe000-87a00000 r--p 00025000 08:05 2360306    /lib/i386-linux-gnu/libexpat.so.1.6.0
87a00000-87a01000 rw-p 00027000 08:05 2360306    /lib/i386-linux-gnu/libexpat.so.1.6.0
87a01000-87a9b000 r-xp 00000000 08:05 1447396    /usr/lib/i386-linux-gnu/libfreetype.so.6.11.1
87a9b000-87a9c000 ---p 0009a000 08:05 1447396    /usr/lib/i386-linux-gnu/libfreetype.so.6.11.1
87a9c000-87aa0000 r--p 0009a000 08:05 1447396    /usr/lib/i386-linux-gnu/libfreetype.so.6.11.1
87aa0000-87aa1000 rw-p 0009e000 08:05 1447396    /usr/lib/i386-linux-gnu/libfreetype.so.6.11.1
87aa1000-87aa9000 r-xp 00000000 08:05 1448031    /usr/lib/i386-linux-gnu/libthai.so.0.2.0
87aa9000-87aaa000 r--p 00007000 08:05 1448031    /usr/lib/i386-linux-gnu/libthai.so.0.2.0
87aaa000-87aab000 rw-p 00008000 08:05 1448031    /usr/lib/i386-linux-gnu/libthai.so.0.2.0
87aab000-87abe000 r-xp 00000000 08:05 2360410    /lib/i386-linux-gnu/libresolv-2.19.so
87abe000-87abf000 ---p 00013000 08:05 2360410    /lib/i386-linux-gnu/libresolv-2.19.so
87abf000-87ac0000 r--p 00013000 08:05 2360410    /lib/i386-linux-gnu/libresolv-2.19.so
87ac0000-87ac1000 rw-p 00014000 08:05 2360410    /lib/i386-linux-gnu/libresolv-2.19.so
87ac1000-87ac3000 rw-p 00000000 00:00 0 
87ac3000-87ae3000 r-xp 00000000 08:05 2360275    /lib/i386-linux-gnu/libselinux.so.1
87ae3000-87ae4000 r--p 0001f000 08:05 2360275    /lib/i386-linux-gnu/libselinux.so.1
87ae4000-87ae5000 rw-p 00020000 08:05 2360275    /lib/i386-linux-gnu/libselinux.so.1
87ae5000-87ae6000 rw-p 00000000 00:00 0 
87ae6000-87afa000 r-xp 00000000 08:05 1447844    /usr/lib/i386-linux-gnu/libpangoft2-1.0.so.0.3600.3
87afa000-87afb000 r--p 00013000 08:05 1447844    /usr/lib/i386-linux-gnu/libpangoft2-1.0.so.0.3600.3
87afb000-87afc000 rw-p 00014000 08:05 1447844    /usr/lib/i386-linux-gnu/libpangoft2-1.0.so.0.3600.3
87afc000-87c1b000 r-xp 00000000 08:05 1447236    /usr/lib/i386-linux-gnu/libcairo.so.2.11301.0
87c1b000-87c1d000 r--p 0011e000 08:05 1447236    /usr/lib/i386-linux-gnu/libcairo.so.2.11301.0
87c1d000-87c1e000 rw-p 00120000 08:05 1447236    /usr/lib/i386-linux-gnu/libcairo.so.2.11301.0
87c1e000-87c1f000 rw-p 00000000 00:00 0 
87c1f000-87c86000 r-xp 00000000 08:05 1447294    /usr/lib/i386-linux-gnu/libcups.so.2
87c86000-87c87000 ---p 00067000 08:05 1447294    /usr/lib/i386-linux-gnu/libcups.so.2
87c87000-87c8b000 r--p 00067000 08:05 1447294    /usr/lib/i386-linux-gnu/libcups.so.2
87c8b000-87c8c000 rw-p 0006b000 08:05 1447294    /usr/lib/i386-linux-gnu/libcups.so.2
87c8c000-87d96000 r-xp 00000000 08:05 2360315    /lib/i386-linux-gnu/libglib-2.0.so.0.4000.0
87d96000-87d97000 r--p 00109000 08:05 2360315    /lib/i386-linux-gnu/libglib-2.0.so.0.4000.0
87d97000-87d98000 rw-p 0010a000 08:05 2360315    /lib/i386-linux-gnu/libglib-2.0.so.0.4000.0
87d98000-87de8000 r-xp 00000000 08:05 1447516    /usr/lib/i386-linux-gnu/libgobject-2.0.so.0.4000.0
87de8000-87de9000 r--p 0004f000 08:05 1447516    /usr/lib/i386-linux-gnu/libgobject-2.0.so.0.4000.0
87de9000-87dea000 rw-p 00050000 08:05 1447516    /usr/lib/i386-linux-gnu/libgobject-2.0.so.0.4000.0
87dea000-87e23000 r-xp 00000000 08:05 1448682    /usr/lib/i386-linux-gnu/libfontconfig.so.1.8.0
87e23000-87e24000 r--p 00039000 08:05 1448682    /usr/lib/i386-linux-gnu/libfontconfig.so.1.8.0
87e24000-87e25000 rw-p 0003a000 08:05 1448682    /usr/lib/i386-linux-gnu/libfontconfig.so.1.8.0
87e25000-87e6f000 r-xp 00000000 08:05 1447840    /usr/lib/i386-linux-gnu/libpango-1.0.so.0.3600.3
87e6f000-87e70000 ---p 0004a000 08:05 1447840    /usr/lib/i386-linux-gnu/libpango-1.0.so.0.3600.3
87e70000-87e71000 r--p 0004a000 08:05 1447840    /usr/lib/i386-linux-gnu/libpango-1.0.so.0.3600.3
87e71000-87e72000 rw-p 0004b000 08:05 1447840    /usr/lib/i386-linux-gnu/libpango-1.0.so.0.3600.3
87e72000-87fef000 r-xp 00000000 08:05 1447486    /usr/lib/i386-linux-gnu/libgio-2.0.so.0.4000.0
87fef000-87ff1000 r--p 0017c000 08:05 1447486    /usr/lib/i386-linux-gnu/libgio-2.0.so.0.4000.0
87ff1000-87ff2000 rw-p 0017e000 08:05 1447486    /usr/lib/i386-linux-gnu/libgio-2.0.so.0.4000.0
87ff2000-87ff3000 rw-p 00000000 00:00 0 
87ff3000-8809e000 r-xp 00000000 08:05 1449301    /usr/lib/i386-linux-gnu/libgdk-x11-2.0.so.0.2400.23
8809e000-8809f000 ---p 000ab000 08:05 1449301    /usr/lib/i386-linux-gnu/libgdk-x11-2.0.so.0.2400.23
8809f000-880a1000 r--p 000ab000 08:05 1449301    /usr/lib/i386-linux-gnu/libgdk-x11-2.0.so.0.2400.23
880a1000-880a2000 rw-p 000ad000 08:05 1449301    /usr/lib/i386-linux-gnu/libgdk-x11-2.0.so.0.2400.23
880a2000-88509000 r-xp 00000000 08:05 1449531    /usr/lib/i386-linux-gnu/libgtk-x11-2.0.so.0.2400.23
88509000-8850d000 r--p 00466000 08:05 1449531    /usr/lib/i386-linux-gnu/libgtk-x11-2.0.so.0.2400.23
8850d000-8850f000 rw-p 0046a000 08:05 1449531    /usr/lib/i386-linux-gnu/libgtk-x11-2.0.so.0.2400.23
8850f000-88511000 rw-p 00000000 00:00 0 
88511000-88641000 r-xp 00000000 08:05 1447101    /usr/lib/i386-linux-gnu/libX11.so.6.3.0
88641000-88642000 r--p 00130000 08:05 1447101    /usr/lib/i386-linux-gnu/libX11.so.6.3.0
88642000-88644000 rw-p 00131000 08:05 1447101    /usr/lib/i386-linux-gnu/libX11.so.6.3.0
88644000-88645000 rw-p 00000000 00:00 0 
88645000-886d4000 r-xp 00000000 08:05 1452333    /usr/lib/jvm/java-7-openjdk-i386/jre/lib/i386/libawt.so
886d4000-886d5000 r--p 0008e000 08:05 1452333    /usr/lib/jvm/java-7-openjdk-i386/jre/lib/i386/libawt.so
886d5000-886dc000 rw-p 0008f000 08:05 1452333    /usr/lib/jvm/java-7-openjdk-i386/jre/lib/i386/libawt.so
886dc000-88700000 rw-p 00000000 00:00 0 
88700000-887ff000 rw-p 00000000 00:00 0 
887ff000-88800000 ---p 00000000 00:00 0 
88800000-88801000 r--s 00000000 08:05 1839893    /var/cache/fontconfig/0c9eb80ebd1c36541ebe2852d3bb0c49-le32d4.cache-4
88801000-88803000 r-xp 00000000 08:05 1447114    /usr/lib/i386-linux-gnu/libXdamage.so.1.1.0
88803000-88804000 r--p 00001000 08:05 1447114    /usr/lib/i386-linux-gnu/libXdamage.so.1.1.0
88804000-88805000 rw-p 00002000 08:05 1447114    /usr/lib/i386-linux-gnu/libXdamage.so.1.1.0
88805000-88807000 r-xp 00000000 08:05 1447110    /usr/lib/i386-linux-gnu/libXcomposite.so.1.0.0
88807000-88808000 r--p 00001000 08:05 1447110    /usr/lib/i386-linux-gnu/libXcomposite.so.1.0.0
88808000-88809000 rw-p 00002000 08:05 1447110    /usr/lib/i386-linux-gnu/libXcomposite.so.1.0.0
88809000-88812000 r-xp 00000000 08:05 1447112    /usr/lib/i386-linux-gnu/libXcursor.so.1.0.2
88812000-88813000 r--p 00008000 08:05 1447112    /usr/lib/i386-linux-gnu/libXcursor.so.1.0.2
88813000-88814000 rw-p 00009000 08:05 1447112    /usr/lib/i386-linux-gnu/libXcursor.so.1.0.2
88814000-88832000 r-xp 00000000 08:05 1447197    /usr/lib/i386-linux-gnu/libatk-1.0.so.0.21009.1
88832000-88834000 r--p 0001d000 08:05 1447197    /usr/lib/i386-linux-gnu/libatk-1.0.so.0.21009.1
88834000-88835000 rw-p 0001f000 08:05 1447197    /usr/lib/i386-linux-gnu/libatk-1.0.so.0.21009.1
88835000-88886000 r-xp 00000000 08:05 1452428    /usr/lib/jvm/java-7-openjdk-i386/jre/lib/i386/xawt/libmawt.so
88886000-88887000 r--p 00050000 08:05 1452428    /usr/lib/jvm/java-7-openjdk-i386/jre/lib/i386/xawt/libmawt.so
88887000-88889000 rw-p 00051000 08:05 1452428    /usr/lib/jvm/java-7-openjdk-i386/jre/lib/i386/xawt/libmawt.so
88889000-8888a000 rw-p 00000000 00:00 0 
8888a000-8888b000 ---p 00000000 00:00 0 
8888b000-8890b000 rw-p 00000000 00:00 0          [stack:3337]
8890b000-8890e000 ---p 00000000 00:00 0 
8890e000-8895c000 rw-p 00000000 00:00 0          [stack:3336]
8895c000-8895f000 ---p 00000000 00:00 0 
8895f000-889dd000 rw-p 00000000 00:00 0          [stack:3335]
889dd000-889e0000 ---p 00000000 00:00 0 
889e0000-88a5e000 rw-p 00000000 00:00 0          [stack:3334]
88a5e000-88a61000 ---p 00000000 00:00 0 
88a61000-88aaf000 rw-p 00000000 00:00 0          [stack:3333]
88aaf000-88caf000 r--p 00000000 08:05 1450833    /usr/lib/locale/locale-archive
88caf000-88cb2000 ---p 00000000 00:00 0 
88cb2000-88d00000 rw-p 00000000 00:00 0          [stack:3332]
88d00000-88dfd000 rw-p 00000000 00:00 0 
88dfd000-88e00000 ---p 00000000 00:00 0 
88e00000-88e21000 rw-p 00000000 00:00 0 
88e21000-88f00000 ---p 00000000 00:00 0 
88f00000-88ffb000 rw-p 00000000 00:00 0 
88ffb000-89000000 ---p 00000000 00:00 0 
89000000-89009000 r-xp 00000000 08:05 1447138    /usr/lib/i386-linux-gnu/libXrandr.so.2.2.0
89009000-8900a000 r--p 00008000 08:05 1447138    /usr/lib/i386-linux-gnu/libXrandr.so.2.2.0
8900a000-8900b000 rw-p 00009000 08:05 1447138    /usr/lib/i386-linux-gnu/libXrandr.so.2.2.0
8900b000-8902b000 r-xp 00000000 08:05 1448169    /usr/lib/i386-linux-gnu/libxcb.so.1.1.0
8902b000-8902c000 r--p 0001f000 08:05 1448169    /usr/lib/i386-linux-gnu/libxcb.so.1.1.0
8902c000-8902d000 rw-p 00020000 08:05 1448169    /usr/lib/i386-linux-gnu/libxcb.so.1.1.0
8902d000-8904e000 r-xp 00000000 08:05 1447462    /usr/lib/i386-linux-gnu/libgdk_pixbuf-2.0.so.0.3000.7
8904e000-8904f000 r--p 00020000 08:05 1447462    /usr/lib/i386-linux-gnu/libgdk_pixbuf-2.0.so.0.3000.7
8904f000-89050000 rw-p 00021000 08:05 1447462    /usr/lib/i386-linux-gnu/libgdk_pixbuf-2.0.so.0.3000.7
89050000-89051000 ---p 00000000 00:00 0 
89051000-890d1000 rw-p 00000000 00:00 0          [stack:3330]
890d1000-89280000 r--s 01cfb000 08:05 1452280    /usr/lib/jvm/java-7-openjdk-i386/jre/lib/rt.jar
89280000-8a900000 rw-p 00000000 00:00 0 
8a900000-8a9fb000 rw-p 00000000 00:00 0 
8a9fb000-8aa00000 ---p 00000000 00:00 0 
8aa00000-8aa01000 r--s 00000000 08:05 1839887    /var/cache/fontconfig/3334a778d104e76d188e9df399bc24d2-le32d4.cache-4
8aa01000-8aa03000 r-xp 00000000 08:05 1447128    /usr/lib/i386-linux-gnu/libXinerama.so.1.0.0
8aa03000-8aa04000 r--p 00001000 08:05 1447128    /usr/lib/i386-linux-gnu/libXinerama.so.1.0.0
8aa04000-8aa05000 rw-p 00002000 08:05 1447128    /usr/lib/i386-linux-gnu/libXinerama.so.1.0.0
8aa05000-8aa09000 r-xp 00000000 08:05 1447120    /usr/lib/i386-linux-gnu/libXfixes.so.3.1.0
8aa09000-8aa0a000 r--p 00003000 08:05 1447120    /usr/lib/i386-linux-gnu/libXfixes.so.3.1.0
8aa0a000-8aa0b000 rw-p 00004000 08:05 1447120    /usr/lib/i386-linux-gnu/libXfixes.so.3.1.0
8aa0b000-8aa16000 r-xp 00000000 08:05 1447842    /usr/lib/i386-linux-gnu/libpangocairo-1.0.so.0.3600.3
8aa16000-8aa17000 r--p 0000a000 08:05 1447842    /usr/lib/i386-linux-gnu/libpangocairo-1.0.so.0.3600.3
8aa17000-8aa18000 rw-p 0000b000 08:05 1447842    /usr/lib/i386-linux-gnu/libpangocairo-1.0.so.0.3600.3
8aa18000-8aa1b000 r-xp 00000000 08:05 1447500    /usr/lib/i386-linux-gnu/libgmodule-2.0.so.0.4000.0
8aa1b000-8aa1c000 r--p 00002000 08:05 1447500    /usr/lib/i386-linux-gnu/libgmodule-2.0.so.0.4000.0
8aa1c000-8aa1d000 rw-p 00003000 08:05 1447500    /usr/lib/i386-linux-gnu/libgmodule-2.0.so.0.4000.0
8aa1d000-8aa2c000 r-xp 00000000 08:05 1447126    /usr/lib/i386-linux-gnu/libXi.so.6.1.0
8aa2c000-8aa2d000 r--p 0000e000 08:05 1447126    /usr/lib/i386-linux-gnu/libXi.so.6.1.0
8aa2d000-8aa2e000 rw-p 0000f000 08:05 1447126    /usr/lib/i386-linux-gnu/libXi.so.6.1.0
8aa2e000-8aa31000 ---p 00000000 00:00 0 
8aa31000-8aa7f000 rw-p 00000000 00:00 0          [stack:3331]
8aa7f000-8aa80000 ---p 00000000 00:00 0 
8aa80000-8ab00000 rw-p 00000000 00:00 0          [stack:3329]
8ab00000-8ab21000 rw-p 00000000 00:00 0 
8ab21000-8ac00000 ---p 00000000 00:00 0 
8ac00000-8ac09000 r-xp 00000000 08:05 1447140    /usr/lib/i386-linux-gnu/libXrender.so.1.3.0
8ac09000-8ac0a000 r--p 00008000 08:05 1447140    /usr/lib/i386-linux-gnu/libXrender.so.1.3.0
8ac0a000-8ac0b000 rw-p 00009000 08:05 1447140    /usr/lib/i386-linux-gnu/libXrender.so.1.3.0
8ac0b000-8ac1c000 r-xp 00000000 08:05 1447118    /usr/lib/i386-linux-gnu/libXext.so.6.4.0
8ac1c000-8ac1d000 r--p 00010000 08:05 1447118    /usr/lib/i386-linux-gnu/libXext.so.6.4.0
8ac1d000-8ac1e000 rw-p 00011000 08:05 1447118    /usr/lib/i386-linux-gnu/libXext.so.6.4.0
8ac1e000-8ac1f000 r--s 00000000 08:05 1839884    /var/cache/fontconfig/c277e94e32b20404286a1ddafa5a80f0-le32d4.cache-4
8ac1f000-8ac23000 r--s 00000000 08:05 1839892    /var/cache/fontconfig/7ef2298fde41cc6eeb7af42e48b7d293-le32d4.cache-4
8ac23000-8ac2d000 r--s 00000000 08:05 1839867    /var/cache/fontconfig/8f02d4cb045bd6ce15663e43f347c9f8-le32d4.cache-4
8ac2d000-8ac36000 r--s 000b9000 08:05 1452294    /usr/lib/jvm/java-7-openjdk-i386/jre/lib/resources.jar
8ac36000-8ac7f000 rw-p 00000000 00:00 0 
8ac7f000-8ac80000 ---p 00000000 00:00 0 
8ac80000-8ad00000 rw-p 00000000 00:00 0          [stack:3328]
8ad00000-8ad21000 rw-p 00000000 00:00 0 
8ad21000-8ae00000 ---p 00000000 00:00 0 
8ae00000-8ae01000 r-xp 00000000 08:05 1447623    /usr/lib/i386-linux-gnu/libgthread-2.0.so.0.4000.0
8ae01000-8ae02000 r--p 00000000 08:05 1447623    /usr/lib/i386-linux-gnu/libgthread-2.0.so.0.4000.0
8ae02000-8ae03000 rw-p 00001000 08:05 1447623    /usr/lib/i386-linux-gnu/libgthread-2.0.so.0.4000.0
8ae03000-8ae0f000 r--s 000e0000 08:05 788088     /home/jayakrishnan/Auto Ontology/system1/stage2/jar/stanford-ner.jar
8ae0f000-8ae24000 r--s 00475000 08:05 788087     /home/jayakrishnan/Auto Ontology/system1/stage2/jar/pdfbox-1.2.1.jar
8ae24000-8ae7f000 rw-p 00000000 00:00 0 
8ae7f000-8ae80000 ---p 00000000 00:00 0 
8ae80000-8af00000 rw-p 00000000 00:00 0          [stack:3327]
8af00000-8af21000 rw-p 00000000 00:00 0 
8af21000-8b000000 ---p 00000000 00:00 0 
8b000000-8b001000 r--s 00000000 08:05 1840049    /var/cache/fontconfig/16326683038b281783a0ef8c680e3a10-le32d4.cache-4
8b001000-8b006000 r-xp 00000000 08:05 1447146    /usr/lib/i386-linux-gnu/libXtst.so.6.1.0
8b006000-8b007000 r--p 00004000 08:05 1447146    /usr/lib/i386-linux-gnu/libXtst.so.6.1.0
8b007000-8b008000 rw-p 00005000 08:05 1447146    /usr/lib/i386-linux-gnu/libXtst.so.6.1.0
8b008000-8b00a000 r--s 00010000 08:05 788086     /home/jayakrishnan/Auto Ontology/system1/stage2/jar/lucene-misc-3.0.2.jar
8b00a000-8b01d000 r--s 000ea000 08:05 788085     /home/jayakrishnan/Auto Ontology/system1/stage2/jar/lucene-core-3.0.2.jar
8b01d000-8b030000 r--s 000fe000 08:05 788084     /home/jayakrishnan/Auto Ontology/system1/stage2/jar/lucene-core-2.9.3.jar
8b030000-8b039000 r--s 0006d000 08:05 788083     /home/jayakrishnan/Auto Ontology/system1/stage2/jar/log4j-1.2.16.jar
8b039000-8b044000 r--s 00203000 08:05 1452271    /usr/lib/jvm/java-7-openjdk-i386/jre/lib/charsets.jar
8b044000-8b053000 rw-p 00000000 00:00 0 
8b053000-8b054000 ---p 00000000 00:00 0 
8b054000-8b0dc000 rw-p 00000000 00:00 0          [stack:3326]
8b0dc000-8b114000 rw-p 00000000 00:00 0 
8b114000-8b11e000 rw-p 00000000 00:00 0 
8b11e000-8b1bf000 rw-p 00000000 00:00 0 
8b1bf000-8b1c7000 rw-p 00000000 00:00 0 
8b1c7000-8b1ff000 rw-p 00000000 00:00 0 
8b1ff000-8b209000 rw-p 00000000 00:00 0 
8b209000-8b2a9000 rw-p 00000000 00:00 0 
8b2a9000-8b2af000 rw-p 00000000 00:00 0 
8b2af000-8b2ff000 rw-p 00000000 00:00 0 
8b2ff000-8c300000 rw-p 00000000 00:00 0 
8c300000-93300000 rw-p 00000000 00:00 0 
93300000-946c0000 rw-p 00000000 00:00 0 
946c0000-a8840000 rw-p 00000000 00:00 0 
a8840000-a9240000 rw-p 00000000 00:00 0 
a9240000-b3300000 rw-p 00000000 00:00 0 
b3300000-b3303000 r--s 00026000 08:05 788082     /home/jayakrishnan/Auto Ontology/system1/stage2/jar/fontbox-1.2.1.jar
b3303000-b3305000 r--s 0000d000 08:05 788081     /home/jayakrishnan/Auto Ontology/system1/stage2/jar/commons-logging-1.1.1.jar
b3305000-b330e000 rw-p 00000000 00:00 0 
b330e000-b33c5000 rw-p 00000000 00:00 0 
b33c5000-b3605000 rwxp 00000000 00:00 0 
b3605000-b63c5000 rw-p 00000000 00:00 0 
b63c5000-b63d0000 r-xp 00000000 08:05 2360359    /lib/i386-linux-gnu/libnss_files-2.19.so
b63d0000-b63d1000 r--p 0000a000 08:05 2360359    /lib/i386-linux-gnu/libnss_files-2.19.so
b63d1000-b63d2000 rw-p 0000b000 08:05 2360359    /lib/i386-linux-gnu/libnss_files-2.19.so
b63d2000-b63dc000 r-xp 00000000 08:05 2360369    /lib/i386-linux-gnu/libnss_nis-2.19.so
b63dc000-b63dd000 r--p 00009000 08:05 2360369    /lib/i386-linux-gnu/libnss_nis-2.19.so
b63dd000-b63de000 rw-p 0000a000 08:05 2360369    /lib/i386-linux-gnu/libnss_nis-2.19.so
b63de000-b63f3000 r-xp 00000000 08:05 2360353    /lib/i386-linux-gnu/libnsl-2.19.so
b63f3000-b63f4000 r--p 00015000 08:05 2360353    /lib/i386-linux-gnu/libnsl-2.19.so
b63f4000-b63f5000 rw-p 00016000 08:05 2360353    /lib/i386-linux-gnu/libnsl-2.19.so
b63f5000-b63f7000 rw-p 00000000 00:00 0 
b63f7000-b63fe000 r-xp 00000000 08:05 2360355    /lib/i386-linux-gnu/libnss_compat-2.19.so
b63fe000-b63ff000 r--p 00006000 08:05 2360355    /lib/i386-linux-gnu/libnss_compat-2.19.so
b63ff000-b6400000 rw-p 00007000 08:05 2360355    /lib/i386-linux-gnu/libnss_compat-2.19.so
b6400000-b6500000 rw-p 00000000 00:00 0 
b6500000-b6503000 r--s 00032000 08:05 1452274    /usr/lib/jvm/java-7-openjdk-i386/jre/lib/ext/sunjce_provider.jar
b6503000-b6506000 r--s 0000f000 08:05 1452275    /usr/lib/jvm/java-7-openjdk-i386/jre/lib/ext/pulse-java.jar
b6506000-b650a000 r--s 0003b000 08:05 1452276    /usr/lib/jvm/java-7-openjdk-i386/jre/lib/ext/sunpkcs11.jar
b650a000-b650e000 r--s 00085000 08:05 1452277    /usr/lib/jvm/java-7-openjdk-i386/jre/lib/ext/localedata.jar
b650e000-b6516000 r-xp 00000000 08:05 1452326    /usr/lib/jvm/java-7-openjdk-i386/jre/lib/i386/libzip.so
b6516000-b6517000 r--p 00007000 08:05 1452326    /usr/lib/jvm/java-7-openjdk-i386/jre/lib/i386/libzip.so
b6517000-b6518000 rw-p 00008000 08:05 1452326    /usr/lib/jvm/java-7-openjdk-i386/jre/lib/i386/libzip.so
b6518000-b6520000 rw-s 00000000 08:05 917550     /tmp/hsperfdata_jayakrishnan/3320
b6520000-b6547000 r-xp 00000000 08:05 1452306    /usr/lib/jvm/java-7-openjdk-i386/jre/lib/i386/libjava.so
b6547000-b6548000 r--p 00026000 08:05 1452306    /usr/lib/jvm/java-7-openjdk-i386/jre/lib/i386/libjava.so
b6548000-b6549000 rw-p 00027000 08:05 1452306    /usr/lib/jvm/java-7-openjdk-i386/jre/lib/i386/libjava.so
b6549000-b6550000 r-xp 00000000 08:05 2360412    /lib/i386-linux-gnu/librt-2.19.so
b6550000-b6551000 r--p 00006000 08:05 2360412    /lib/i386-linux-gnu/librt-2.19.so
b6551000-b6552000 rw-p 00007000 08:05 2360412    /lib/i386-linux-gnu/librt-2.19.so
b6552000-b6555000 ---p 00000000 00:00 0 
b6555000-b65a3000 rw-p 00000000 00:00 0          [stack:3325]
b65a3000-b65bf000 r-xp 00000000 08:05 2360311    /lib/i386-linux-gnu/libgcc_s.so.1
b65bf000-b65c0000 rw-p 0001b000 08:05 2360311    /lib/i386-linux-gnu/libgcc_s.so.1
b65c0000-b6604000 r-xp 00000000 08:05 2360334    /lib/i386-linux-gnu/libm-2.19.so
b6604000-b6605000 r--p 00043000 08:05 2360334    /lib/i386-linux-gnu/libm-2.19.so
b6605000-b6606000 rw-p 00044000 08:05 2360334    /lib/i386-linux-gnu/libm-2.19.so
b6606000-b66e2000 r-xp 00000000 08:05 1448009    /usr/lib/i386-linux-gnu/libstdc++.so.6.0.19
b66e2000-b66e3000 ---p 000dc000 08:05 1448009    /usr/lib/i386-linux-gnu/libstdc++.so.6.0.19
b66e3000-b66e7000 r--p 000dc000 08:05 1448009    /usr/lib/i386-linux-gnu/libstdc++.so.6.0.19
b66e7000-b66e8000 rw-p 000e0000 08:05 1448009    /usr/lib/i386-linux-gnu/libstdc++.so.6.0.19
b66e8000-b66ef000 rw-p 00000000 00:00 0 
b66ef000-b70bb000 r-xp 00000000 08:05 1452301    /usr/lib/jvm/java-7-openjdk-i386/jre/lib/i386/server/libjvm.so
b70bb000-b70bc000 ---p 009cc000 08:05 1452301    /usr/lib/jvm/java-7-openjdk-i386/jre/lib/i386/server/libjvm.so
b70bc000-b710d000 r--p 009cc000 08:05 1452301    /usr/lib/jvm/java-7-openjdk-i386/jre/lib/i386/server/libjvm.so
b710d000-b7121000 rw-p 00a1d000 08:05 1452301    /usr/lib/jvm/java-7-openjdk-i386/jre/lib/i386/server/libjvm.so
b7121000-b753f000 rw-p 00000000 00:00 0 
b753f000-b7557000 r-xp 00000000 08:05 2360447    /lib/i386-linux-gnu/libz.so.1.2.8
b7557000-b7558000 r--p 00017000 08:05 2360447    /lib/i386-linux-gnu/libz.so.1.2.8
b7558000-b7559000 rw-p 00018000 08:05 2360447    /lib/i386-linux-gnu/libz.so.1.2.8
b7559000-b7571000 r-xp 00000000 08:05 2360404    /lib/i386-linux-gnu/libpthread-2.19.so
b7571000-b7572000 r--p 00017000 08:05 2360404    /lib/i386-linux-gnu/libpthread-2.19.so
b7572000-b7573000 rw-p 00018000 08:05 2360404    /lib/i386-linux-gnu/libpthread-2.19.so
b7573000-b7575000 rw-p 00000000 00:00 0 
b7575000-b7578000 r-xp 00000000 08:05 2360301    /lib/i386-linux-gnu/libdl-2.19.so
b7578000-b7579000 r--p 00002000 08:05 2360301    /lib/i386-linux-gnu/libdl-2.19.so
b7579000-b757a000 rw-p 00003000 08:05 2360301    /lib/i386-linux-gnu/libdl-2.19.so
b757a000-b7723000 r-xp 00000000 08:05 2360284    /lib/i386-linux-gnu/libc-2.19.so
b7723000-b7725000 r--p 001a9000 08:05 2360284    /lib/i386-linux-gnu/libc-2.19.so
b7725000-b7726000 rw-p 001ab000 08:05 2360284    /lib/i386-linux-gnu/libc-2.19.so
b7726000-b7729000 rw-p 00000000 00:00 0 
b7729000-b772a000 r--s 00002000 08:05 1452273    /usr/lib/jvm/java-7-openjdk-i386/jre/lib/ext/dnsns.jar
b772a000-b772c000 r--s 00006000 08:05 1848390    /usr/share/java/java-atk-wrapper.jar
b772c000-b772e000 r--s 00012000 08:05 1452278    /usr/lib/jvm/java-7-openjdk-i386/jre/lib/ext/zipfs.jar
b772e000-b772f000 r--p 00850000 08:05 1450833    /usr/lib/locale/locale-archive
b772f000-b7730000 rw-p 00000000 00:00 0 
b7730000-b7731000 r--p 00000000 00:00 0 
b7731000-b773f000 r-xp 00000000 08:05 1452317    /usr/lib/jvm/java-7-openjdk-i386/jre/lib/i386/libverify.so
b773f000-b7740000 r--p 0000d000 08:05 1452317    /usr/lib/jvm/java-7-openjdk-i386/jre/lib/i386/libverify.so
b7740000-b7741000 rw-p 0000e000 08:05 1452317    /usr/lib/jvm/java-7-openjdk-i386/jre/lib/i386/libverify.so
b7741000-b774d000 r-xp 00000000 08:05 1452308    /usr/lib/jvm/java-7-openjdk-i386/jre/lib/i386/jli/libjli.so
b774d000-b774e000 r--p 0000c000 08:05 1452308    /usr/lib/jvm/java-7-openjdk-i386/jre/lib/i386/jli/libjli.so
b774e000-b774f000 rw-p 0000d000 08:05 1452308    /usr/lib/jvm/java-7-openjdk-i386/jre/lib/i386/jli/libjli.so
b774f000-b7752000 rw-p 00000000 00:00 0 
b7752000-b7753000 r-xp 00000000 00:00 0          [vdso]
b7753000-b7773000 r-xp 00000000 08:05 2360260    /lib/i386-linux-gnu/ld-2.19.so
b7773000-b7774000 r--p 0001f000 08:05 2360260    /lib/i386-linux-gnu/ld-2.19.so
b7774000-b7775000 rw-p 00020000 08:05 2360260    /lib/i386-linux-gnu/ld-2.19.so
bf9f6000-bfa17000 rw-p 00000000 00:00 0          [stack]

VM Arguments:
jvm_args: -Dfile.encoding=UTF-8 
java_command: Main
Launcher Type: SUN_STANDARD

Environment Variables:
JAVA_HOME= /usr/lib/jvm/java-7-openjdk-i386/jre/bin/java
PATH=/usr/local/sbin:/usr/local/bin:/usr/sbin:/usr/bin:/sbin:/bin:/usr/games:/usr/local/games
LD_LIBRARY_PATH=/usr/lib/jvm/java-7-openjdk-i386/jre/lib/i386/server:/usr/lib/jvm/java-7-openjdk-i386/jre/lib/i386:/usr/lib/jvm/java-7-openjdk-i386/jre/../lib/i386:/usr/lib/jvm/java-7-openjdk-i386/jre/lib/i386/client:/usr/lib/jvm/java-7-openjdk-i386/jre/lib/i386:
SHELL=/bin/bash
DISPLAY=:0

Signal Handlers:
SIGSEGV: [libjvm.so+0x7eebf0], sa_mask[0]=0x7ffbfeff, sa_flags=0x10000004
SIGBUS: [libjvm.so+0x7eebf0], sa_mask[0]=0x7ffbfeff, sa_flags=0x10000004
SIGFPE: [libjvm.so+0x66c6a0], sa_mask[0]=0x7ffbfeff, sa_flags=0x10000004
SIGPIPE: [libjvm.so+0x66c6a0], sa_mask[0]=0x7ffbfeff, sa_flags=0x10000004
SIGXFSZ: [libjvm.so+0x66c6a0], sa_mask[0]=0x7ffbfeff, sa_flags=0x10000004
SIGILL: [libjvm.so+0x66c6a0], sa_mask[0]=0x7ffbfeff, sa_flags=0x10000004
SIGUSR1: SIG_DFL, sa_mask[0]=0x00000000, sa_flags=0x00000000
SIGUSR2: [libjvm.so+0x66c530], sa_mask[0]=0x00000004, sa_flags=0x10000004
SIGHUP: [libjvm.so+0x66c760], sa_mask[0]=0x7ffbfeff, sa_flags=0x10000004
SIGINT: [libjvm.so+0x66c760], sa_mask[0]=0x7ffbfeff, sa_flags=0x10000004
SIGTERM: [libjvm.so+0x66c760], sa_mask[0]=0x7ffbfeff, sa_flags=0x10000004
SIGQUIT: [libjvm.so+0x66c760], sa_mask[0]=0x7ffbfeff, sa_flags=0x10000004


---------------  S Y S T E M  ---------------

OS:Ubuntu 14.04 (trusty)
uname:Linux 3.13.0-24-generic #47-Ubuntu SMP Fri May 2 23:31:42 UTC 2014 i686
libc:glibc 2.19 NPTL 2.19 
rlimit: STACK 8192k, CORE 0k, NPROC 15081, NOFILE 4096, AS infinity
load average:1.57 0.79 0.42

/proc/meminfo:
MemTotal:        1949556 kB
MemFree:          301204 kB
Buffers:           82432 kB
Cached:           746376 kB
SwapCached:           28 kB
Active:           777820 kB
Inactive:         764956 kB
Active(anon):     522872 kB
Inactive(anon):   493468 kB
Active(file):     254948 kB
Inactive(file):   271488 kB
Unevictable:          32 kB
Mlocked:              32 kB
HighTotal:       1092272 kB
HighFree:         141928 kB
LowTotal:         857284 kB
LowFree:          159276 kB
SwapTotal:       2000892 kB
SwapFree:        2000700 kB
Dirty:             14924 kB
Writeback:             0 kB
AnonPages:        714240 kB
Mapped:           241092 kB
Shmem:            301952 kB
Slab:              59732 kB
SReclaimable:      39688 kB
SUnreclaim:        20044 kB
KernelStack:        3632 kB
PageTables:        10072 kB
NFS_Unstable:          0 kB
Bounce:                0 kB
WritebackTmp:          0 kB
CommitLimit:     2975668 kB
Committed_AS:    3663992 kB
VmallocTotal:     122880 kB
VmallocUsed:       16612 kB
VmallocChunk:      98500 kB
HardwareCorrupted:     0 kB
AnonHugePages:    382976 kB
HugePages_Total:       0
HugePages_Free:        0
HugePages_Rsvd:        0
HugePages_Surp:        0
Hugepagesize:       2048 kB
DirectMap4k:       32760 kB
DirectMap2M:      878592 kB


CPU:total 4 (2 cores per cpu, 2 threads per core) family 6 model 42 stepping 7, cmov, cx8, fxsr, mmx, sse, sse2, sse3, ssse3, sse4.1, sse4.2, popcnt, avx, ht, tsc, tscinvbit

/proc/cpuinfo:
processor	: 0
vendor_id	: GenuineIntel
cpu family	: 6
model		: 42
model name	: Intel(R) Core(TM) i3-2350M CPU @ 2.30GHz
stepping	: 7
microcode	: 0x1b
cpu MHz		: 2300.000
cache size	: 3072 KB
physical id	: 0
siblings	: 4
core id		: 0
cpu cores	: 2
apicid		: 0
initial apicid	: 0
fdiv_bug	: no
f00f_bug	: no
coma_bug	: no
fpu		: yes
fpu_exception	: yes
cpuid level	: 13
wp		: yes
flags		: fpu vme de pse tsc msr pae mce cx8 apic sep mtrr pge mca cmov pat pse36 clflush dts acpi mmx fxsr sse sse2 ss ht tm pbe nx rdtscp lm constant_tsc arch_perfmon pebs bts xtopology nonstop_tsc aperfmperf eagerfpu pni pclmulqdq dtes64 monitor ds_cpl vmx est tm2 ssse3 cx16 xtpr pdcm pcid sse4_1 sse4_2 x2apic popcnt tsc_deadline_timer xsave avx lahf_lm arat epb xsaveopt pln pts dtherm tpr_shadow vnmi flexpriority ept vpid
bogomips	: 4589.50
clflush size	: 64
cache_alignment	: 64
address sizes	: 36 bits physical, 48 bits virtual
power management:

processor	: 1
vendor_id	: GenuineIntel
cpu family	: 6
model		: 42
model name	: Intel(R) Core(TM) i3-2350M CPU @ 2.30GHz
stepping	: 7
microcode	: 0x1b
cpu MHz		: 2300.000
cache size	: 3072 KB
physical id	: 0
siblings	: 4
core id		: 1
cpu cores	: 2
apicid		: 2
initial apicid	: 2
fdiv_bug	: no
f00f_bug	: no
coma_bug	: no
fpu		: yes
fpu_exception	: yes
cpuid level	: 13
wp		: yes
flags		: fpu vme de pse tsc msr pae mce cx8 apic sep mtrr pge mca cmov pat pse36 clflush dts acpi mmx fxsr sse sse2 ss ht tm pbe nx rdtscp lm constant_tsc arch_perfmon pebs bts xtopology nonstop_tsc aperfmperf eagerfpu pni pclmulqdq dtes64 monitor ds_cpl vmx est tm2 ssse3 cx16 xtpr pdcm pcid sse4_1 sse4_2 x2apic popcnt tsc_deadline_timer xsave avx lahf_lm arat epb xsaveopt pln pts dtherm tpr_shadow vnmi flexpriority ept vpid
bogomips	: 4589.50
clflush size	: 64
cache_alignment	: 64
address sizes	: 36 bits physical, 48 bits virtual
power management:

processor	: 2
vendor_id	: GenuineIntel
cpu family	: 6
model		: 42
model name	: Intel(R) Core(TM) i3-2350M CPU @ 2.30GHz
stepping	: 7
microcode	: 0x1b
cpu MHz		: 2300.000
cache size	: 3072 KB
physical id	: 0
siblings	: 4
core id		: 0
cpu cores	: 2
apicid		: 1
initial apicid	: 1
fdiv_bug	: no
f00f_bug	: no
coma_bug	: no
fpu		: yes
fpu_exception	: yes
cpuid level	: 13
wp		: yes
flags		: fpu vme de pse tsc msr pae mce cx8 apic sep mtrr pge mca cmov pat pse36 clflush dts acpi mmx fxsr sse sse2 ss ht tm pbe nx rdtscp lm constant_tsc arch_perfmon pebs bts xtopology nonstop_tsc aperfmperf eagerfpu pni pclmulqdq dtes64 monitor ds_cpl vmx est tm2 ssse3 cx16 xtpr pdcm pcid sse4_1 sse4_2 x2apic popcnt tsc_deadline_timer xsave avx lahf_lm arat epb xsaveopt pln pts dtherm tpr_shadow vnmi flexpriority ept vpid
bogomips	: 4589.50
clflush size	: 64
cache_alignment	: 64
address sizes	: 36 bits physical, 48 bits virtual
power management:

processor	: 3
vendor_id	: GenuineIntel
cpu family	: 6
model		: 42
model name	: Intel(R) Core(TM) i3-2350M CPU @ 2.30GHz
stepping	: 7
microcode	: 0x1b
cpu MHz		: 2300.000
cache size	: 3072 KB
physical id	: 0
siblings	: 4
core id		: 1
cpu cores	: 2
apicid		: 3
initial apicid	: 3
fdiv_bug	: no
f00f_bug	: no
coma_bug	: no
fpu		: yes
fpu_exception	: yes
cpuid level	: 13
wp		: yes
flags		: fpu vme de pse tsc msr pae mce cx8 apic sep mtrr pge mca cmov pat pse36 clflush dts acpi mmx fxsr sse sse2 ss ht tm pbe nx rdtscp lm constant_tsc arch_perfmon pebs bts xtopology nonstop_tsc aperfmperf eagerfpu pni pclmulqdq dtes64 monitor ds_cpl vmx est tm2 ssse3 cx16 xtpr pdcm pcid sse4_1 sse4_2 x2apic popcnt tsc_deadline_timer xsave avx lahf_lm arat epb xsaveopt pln pts dtherm tpr_shadow vnmi flexpriority ept vpid
bogomips	: 4589.50
clflush size	: 64
cache_alignment	: 64
address sizes	: 36 bits physical, 48 bits virtual
power management:



Memory: 4k page, physical 1949556k(301204k free), swap 2000892k(2000700k free)

vm_info: OpenJDK Server VM (24.51-b03) for linux-x86 JRE (1.7.0_55-b14), built on Apr 17 2014 20:10:15 by "buildd" with gcc 4.8.2

time: Mon Jul  7 15:53:58 2014
elapsed time: 4812 seconds

